<?xml version="1.0" encoding="UTF-8"?>
<!-- Generated by org.testng.reporters.JUnitXMLReporter -->
<testsuite hostname="DESKTOP-5DUH67F" ignored="0" name="Test" tests="3" failures="1" timestamp="2023-01-23T13:29:29 IST" time="0.854" errors="0">
  <testcase name="test01" time="0.04" classname="com.tests.LoginTest"/>
  <testcase name="test02" time="0.013" classname="com.tests.LoginTest">
    <failure type="java.lang.AssertionError" message="expected [JavaByKiran | JBK] but found [JavaByKiran | Log in]">
      <![CDATA[java.lang.AssertionError: expected [JavaByKiran | JBK] but found [JavaByKiran | Log in]
at com.tests.LoginTest.test02(LoginTest.java:21)
at java.util.ArrayList.forEach(ArrayList.java:1249)
... Removed 33 stack frames]]>
    </failure>
  </testcase> <!-- test02 -->
  <testcase name="test03" time="0.004" classname="com.tests.LoginTest">
    <skipped/>
  </testcase> <!-- test03 -->
</testsuite> <!-- Test -->
